\BOOKMARK [0][-]{chapter.1}{\376\377\000A\000f\000f\000i\000n\000e\000\040\000p\000r\000o\000c\000e\000s\000s\000e\000s}{}% 1
\BOOKMARK [1][-]{section.1.1}{\376\377\000I\000n\000f\000o\000r\000m\000a\000t\000i\000o\000n\000\040\000i\000n\000\040\000t\000h\000e\000\040\000E\000c\000o\000n\000o\000m\000y\000:\000\040\000T\000h\000e\000\040\000`\000`\000F\000a\000c\000t\000o\000r\000s\000'\000'}{chapter.1}% 2
\BOOKMARK [1][-]{section.1.2}{\376\377\000D\000y\000n\000a\000m\000i\000c\000\040\000M\000o\000d\000e\000l\000s}{chapter.1}% 3
\BOOKMARK [1][-]{section.1.3}{\376\377\000S\000o\000m\000e\000\040\000P\000r\000o\000p\000e\000r\000t\000i\000e\000s\000\040\000o\000f\000\040\000t\000h\000e\000\040\000L\000a\000p\000l\000a\000c\000e\000\040\000T\000r\000a\000n\000s\000f\000o\000r\000m}{chapter.1}% 4
\BOOKMARK [1][-]{section.1.4}{\376\377\000A\000f\000f\000i\000n\000e\000\040\000\050\000o\000r\000\040\000C\000a\000r\000\051\000\040\000P\000r\000o\000c\000e\000s\000s\000e\000s}{chapter.1}% 5
\BOOKMARK [1][-]{section.1.5}{\376\377\000A\000f\000f\000i\000n\000e\000\040\000\050\000o\000r\000\040\000C\000a\000r\000\051\000\040\000p\000r\000o\000c\000e\000s\000s\000e\000s}{chapter.1}% 6
\BOOKMARK [1][-]{section.1.6}{\376\377\000A\000f\000f\000i\000n\000e\000\040\000\050\000o\000r\000\040\000C\000a\000r\000\051\000\040\000p\000r\000o\000c\000e\000s\000s\000e\000s\000,\000\040\000M\000a\000r\000k\000o\000v\000\040\000C\000h\000a\000i\000n\000s}{chapter.1}% 7
\BOOKMARK [1][-]{section.1.7}{\376\377\000A\000F\000F\000I\000N\000E\000\040\000\050\000O\000R\000\040\000C\000a\000r\000\051\000\040\000P\000R\000O\000C\000E\000S\000S\000E\000S\000,\000\040\000S\000t\000o\000c\000h\000a\000s\000t\000i\000c\000\040\000p\000a\000r\000a\000m\000e\000t\000e\000r\000s\000\040\000u\000n\000i\000v\000a\000r\000i\000a\000t\000e\000\040\000a\000f\000f\000i\000n\000e\000\040\000p\000r\000o\000c\000e\000s\000s\000e\000s}{chapter.1}% 8
\BOOKMARK [1][-]{section.1.8}{\376\377\000A\000F\000F\000I\000N\000E\000\040\000\050\000O\000R\000\040\000C\000a\000r\000\051\000\040\000P\000R\000O\000C\000E\000S\000S\000E\000S\000,\000\040\000B\000u\000i\000l\000d\000i\000n\000g\000\040\000M\000u\000l\000t\000i\000v\000a\000r\000i\000a\000t\000e\000\040\000A\000f\000f\000i\000n\000e\000\040\000P\000r\000o\000c\000e\000s\000s\000e\000s}{chapter.1}% 9
\BOOKMARK [1][-]{section.1.9}{\376\377\000A\000F\000F\000I\000N\000E\000\040\000\050\000O\000R\000\040\000C\000a\000r\000\051\000\040\000P\000R\000O\000C\000E\000S\000S\000E\000S\000,\000\040\000W\000i\000s\000h\000a\000r\000t\000\040\000a\000u\000t\000o\000r\000e\000g\000r\000e\000s\000s\000i\000v\000e\000\040\000\050\000W\000A\000R\000\051\000\040\000p\000r\000o\000c\000e\000s\000s\000e\000s}{chapter.1}% 10
\BOOKMARK [1][-]{section.1.10}{\376\377\000A\000F\000F\000I\000N\000E\000\040\000\050\000O\000R\000\040\000C\000a\000r\000\051\000\040\000P\000R\000O\000C\000E\000S\000S\000E\000S\000,\000\040\000M\000u\000l\000t\000i\000v\000a\000r\000i\000a\000t\000e\000\040\000S\000t\000o\000c\000h\000a\000s\000t\000i\000c\000\040\000P\000a\000r\000a\000m\000e\000t\000e\000r\000s\000\040\000P\000r\000o\000c\000e\000s\000s\000e\000s}{chapter.1}% 11
\BOOKMARK [1][-]{section.1.11}{\376\377\000A\000F\000F\000I\000N\000E\000\040\000\050\000O\000R\000\040\000C\000a\000r\000\051\000\040\000P\000R\000O\000C\000E\000S\000S\000E\000S\000,\000\040\000F\000i\000r\000s\000t\000\040\000K\000e\000y\000\040\000P\000r\000o\000p\000e\000r\000t\000y\000:\000\040\000M\000u\000l\000t\000i\000-\000H\000o\000r\000i\000z\000o\000n\000\040\000L\000a\000p\000l\000a\000c\000e\000\040\000T\000r\000a\000n\000s\000f\000o\000r\000m}{chapter.1}% 12
\BOOKMARK [1][-]{section.1.12}{\376\377\000A\000F\000F\000I\000N\000E\000\040\000\050\000O\000R\000\040\000C\000a\000r\000\051\000\040\000P\000R\000O\000C\000E\000S\000S\000E\000S\000,\000\040\000S\000e\000c\000o\000n\000d\000\040\000K\000e\000y\000\040\000P\000r\000o\000p\000e\000r\000t\000y\000:\000\040\000V\000A\000R\000\040\000r\000e\000p\000r\000e\000s\000e\000n\000t\000a\000t\000i\000o\000n}{chapter.1}% 13
\BOOKMARK [1][-]{section.1.13}{\376\377\000M\000u\000l\000t\000i\000-\000h\000o\000r\000i\000z\000o\000n\000\040\000c\000o\000n\000d\000i\000t\000i\000o\000n\000a\000l\000\040\000m\000e\000a\000n\000s\000\040\000a\000n\000d\000\040\000v\000a\000r\000i\000a\000n\000c\000e\000s}{chapter.1}% 14
\BOOKMARK [1][-]{section.1.14}{\376\377\000E\000x\000t\000e\000n\000d\000e\000d\000\040\000A\000f\000f\000i\000n\000e\000\040\000P\000r\000o\000c\000e\000s\000s\000e\000s}{chapter.1}% 15
\BOOKMARK [1][-]{section.1.15}{\376\377\000T\000r\000u\000n\000c\000a\000t\000e\000d\000\040\000L\000a\000p\000l\000a\000c\000e\000\040\000T\000r\000a\000n\000s\000f\000o\000r\000m\000s\000\040\000o\000f\000\040\000A\000f\000f\000i\000n\000e\000\040\000P\000r\000o\000c\000e\000s\000s\000e\000s\000\040\000a\000n\000d\000\040\000T\000r\000a\000n\000s\000f\000o\000r\000m\000\040\000A\000n\000a\000l\000y\000s\000i\000s}{chapter.1}% 16
\BOOKMARK [1][-]{section.1.16}{\376\377\000A\000P\000P\000E\000N\000D\000I\000C\000E\000S}{chapter.1}% 17
\BOOKMARK [0][-]{chapter.2}{\376\377\000P\000r\000i\000c\000i\000n\000g\000\040\000a\000n\000d\000\040\000r\000i\000s\000k\000-\000n\000e\000u\000t\000r\000a\000l\000\040\000d\000y\000n\000a\000m\000i\000c\000s}{}% 18
\BOOKMARK [1][-]{section.2.1}{\376\377\000S\000D\000F\000:\000\040\000E\000q\000u\000i\000l\000i\000b\000r\000i\000u\000m\000\040\000A\000p\000p\000r\000o\000a\000c\000h}{chapter.2}% 19
\BOOKMARK [0][-]{chapter.3}{\376\377\000T\000e\000c\000h\000n\000i\000c\000a\000l\000\040\000D\000e\000t\000a\000i\000l\000s}{}% 20
